2021-06-09 16:42:14,822 - movie_logger - INFO - 가상 브라우저...
2021-06-09 16:42:15,129 - movie_logger - INFO - 1 페이지 이동
2021-06-09 16:42:15,973 - movie_logger - INFO - 1위 영화 클릭
2021-06-09 16:42:15,991 - movie_logger - INFO - 1위 그린 북 영화 클릭...
2021-06-09 16:42:16,888 - movie_logger - INFO - 다음 페이지 클릭...
2021-06-09 16:42:17,351 - movie_logger - INFO - 다음 페이지 클릭...
2021-06-09 16:42:17,499 - movie_logger - INFO - 1 페이지 이동
2021-06-09 16:42:18,044 - movie_logger - INFO - 2위 영화 클릭
2021-06-09 16:42:18,059 - movie_logger - INFO - 2위 가버나움 영화 클릭...
2021-06-09 16:42:18,825 - movie_logger - INFO - 다음 페이지 클릭...
2021-06-09 16:42:19,540 - movie_logger - INFO - 다음 페이지 클릭...
2021-06-09 16:42:19,676 - movie_logger - INFO - 1 페이지 이동
2021-06-09 16:42:20,052 - movie_logger - INFO - 3위 영화 클릭
2021-06-09 16:42:20,067 - movie_logger - INFO - 3위 디지몬 어드벤처 라스트 에볼루션 : 인연 영화 클릭...
2021-06-09 16:42:20,816 - movie_logger - INFO - 다음 페이지 클릭...
2021-06-09 16:42:21,263 - movie_logger - INFO - 다음 페이지 클릭...
2021-06-09 16:42:21,407 - movie_logger - INFO - 1 페이지 이동
2021-06-09 16:42:21,774 - movie_logger - INFO - 4위 영화 클릭
2021-06-09 16:42:21,795 - movie_logger - INFO - 4위 베일리 어게인 영화 클릭...
2021-06-09 16:44:00,266 - movie_logger - INFO - 가상 브라우저...
2021-06-09 16:44:00,612 - movie_logger - INFO - 1 페이지 이동
2021-06-09 16:44:01,205 - movie_logger - INFO - 1위 영화 클릭
2021-06-09 16:44:01,223 - movie_logger - INFO - 1위 그린 북 영화 클릭...
2021-06-09 16:44:02,087 - movie_logger - INFO - 다음 페이지 클릭...
2021-06-09 16:44:02,576 - movie_logger - INFO - 다음 페이지 클릭...
2021-06-09 16:44:02,996 - movie_logger - INFO - 다음 페이지 클릭...
2021-06-09 16:44:03,405 - movie_logger - INFO - 다음 페이지 클릭...
2021-06-09 16:44:03,859 - movie_logger - INFO - 다음 페이지 클릭...
2021-06-09 16:44:04,291 - movie_logger - INFO - 다음 페이지 클릭...
2021-06-09 16:44:04,737 - movie_logger - INFO - 다음 페이지 클릭...
2021-06-09 16:44:05,173 - movie_logger - INFO - 다음 페이지 클릭...
2021-06-09 16:44:05,605 - movie_logger - INFO - 다음 페이지 클릭...
2021-06-09 16:44:06,042 - movie_logger - INFO - 다음 페이지 클릭...
2021-06-09 16:44:06,492 - movie_logger - INFO - 다음 페이지 클릭...
2021-06-09 16:44:06,929 - movie_logger - INFO - 다음 페이지 클릭...
2021-06-09 16:44:07,385 - movie_logger - INFO - 다음 페이지 클릭...
2021-06-09 16:44:07,824 - movie_logger - INFO - 다음 페이지 클릭...
2021-06-09 16:44:08,289 - movie_logger - INFO - 다음 페이지 클릭...
2021-06-09 16:44:08,758 - movie_logger - INFO - 다음 페이지 클릭...
2021-06-09 16:44:09,205 - movie_logger - INFO - 다음 페이지 클릭...
2021-06-09 16:44:09,670 - movie_logger - INFO - 다음 페이지 클릭...
2021-06-09 16:44:10,124 - movie_logger - INFO - 다음 페이지 클릭...
2021-06-09 16:44:10,590 - movie_logger - INFO - 다음 페이지 클릭...
2021-06-09 16:44:11,057 - movie_logger - INFO - 다음 페이지 클릭...
2021-06-09 16:44:11,525 - movie_logger - INFO - 다음 페이지 클릭...
2021-06-09 16:44:11,988 - movie_logger - INFO - 다음 페이지 클릭...
2021-06-09 16:44:12,463 - movie_logger - INFO - 다음 페이지 클릭...
2021-06-09 16:44:12,942 - movie_logger - INFO - 다음 페이지 클릭...
2021-06-09 16:44:13,427 - movie_logger - INFO - 다음 페이지 클릭...
2021-06-09 16:44:13,951 - movie_logger - INFO - 다음 페이지 클릭...
2021-06-09 16:44:14,445 - movie_logger - INFO - 다음 페이지 클릭...
2021-06-09 16:44:14,942 - movie_logger - INFO - 다음 페이지 클릭...
2021-06-09 16:44:15,441 - movie_logger - INFO - 다음 페이지 클릭...
2021-06-09 16:44:15,940 - movie_logger - INFO - 다음 페이지 클릭...
2021-06-09 16:44:16,463 - movie_logger - INFO - 다음 페이지 클릭...
2021-06-09 16:44:16,974 - movie_logger - INFO - 다음 페이지 클릭...
2021-06-09 16:44:17,490 - movie_logger - INFO - 다음 페이지 클릭...
2021-06-09 16:44:18,021 - movie_logger - INFO - 다음 페이지 클릭...
2021-06-09 16:44:18,557 - movie_logger - INFO - 다음 페이지 클릭...
2021-06-09 16:44:19,078 - movie_logger - INFO - 다음 페이지 클릭...
2021-06-09 16:44:19,597 - movie_logger - INFO - 다음 페이지 클릭...
2021-06-09 16:44:20,126 - movie_logger - INFO - 다음 페이지 클릭...
2021-06-09 16:44:20,653 - movie_logger - INFO - 다음 페이지 클릭...
2021-06-09 16:44:21,175 - movie_logger - INFO - 다음 페이지 클릭...
2021-06-09 16:44:21,695 - movie_logger - INFO - 다음 페이지 클릭...
2021-06-09 16:44:22,218 - movie_logger - INFO - 다음 페이지 클릭...
2021-06-09 16:44:22,739 - movie_logger - INFO - 다음 페이지 클릭...
2021-06-09 16:44:23,285 - movie_logger - INFO - 다음 페이지 클릭...
2021-06-09 16:44:23,824 - movie_logger - INFO - 다음 페이지 클릭...
2021-06-09 16:44:24,357 - movie_logger - INFO - 다음 페이지 클릭...
2021-06-09 16:44:24,902 - movie_logger - INFO - 다음 페이지 클릭...
2021-06-09 16:44:25,447 - movie_logger - INFO - 다음 페이지 클릭...
2021-06-09 16:44:26,013 - movie_logger - INFO - 다음 페이지 클릭...
2021-06-09 16:44:26,573 - movie_logger - INFO - 다음 페이지 클릭...
2021-06-09 16:44:27,140 - movie_logger - INFO - 다음 페이지 클릭...
2021-06-09 16:44:27,706 - movie_logger - INFO - 다음 페이지 클릭...
2021-06-09 16:44:28,272 - movie_logger - INFO - 다음 페이지 클릭...
2021-06-09 16:44:29,136 - movie_logger - INFO - 다음 페이지 클릭...
2021-06-09 16:44:29,707 - movie_logger - INFO - 다음 페이지 클릭...
2021-06-09 16:44:30,290 - movie_logger - INFO - 다음 페이지 클릭...
2021-06-09 16:44:30,873 - movie_logger - INFO - 다음 페이지 클릭...
2021-06-09 16:44:31,454 - movie_logger - INFO - 다음 페이지 클릭...
2021-06-09 16:44:32,056 - movie_logger - INFO - 다음 페이지 클릭...
2021-06-09 16:44:32,648 - movie_logger - INFO - 다음 페이지 클릭...
2021-06-09 16:44:33,264 - movie_logger - INFO - 다음 페이지 클릭...
2021-06-09 16:44:33,897 - movie_logger - INFO - 다음 페이지 클릭...
2021-06-09 16:44:34,533 - movie_logger - INFO - 다음 페이지 클릭...
2021-06-09 16:44:35,243 - movie_logger - INFO - 다음 페이지 클릭...
2021-06-09 16:44:35,871 - movie_logger - INFO - 다음 페이지 클릭...
2021-06-09 16:44:36,527 - movie_logger - INFO - 다음 페이지 클릭...
2021-06-09 16:44:37,195 - movie_logger - INFO - 다음 페이지 클릭...
2021-06-09 16:44:37,825 - movie_logger - INFO - 다음 페이지 클릭...
2021-06-09 16:44:38,471 - movie_logger - INFO - 다음 페이지 클릭...
2021-06-09 16:44:39,092 - movie_logger - INFO - 다음 페이지 클릭...
2021-06-09 16:44:39,734 - movie_logger - INFO - 다음 페이지 클릭...
2021-06-09 16:44:40,372 - movie_logger - INFO - 다음 페이지 클릭...
2021-06-09 16:44:41,030 - movie_logger - INFO - 다음 페이지 클릭...
2021-06-09 16:44:41,660 - movie_logger - INFO - 다음 페이지 클릭...
2021-06-09 16:44:42,302 - movie_logger - INFO - 다음 페이지 클릭...
2021-06-09 16:44:42,952 - movie_logger - INFO - 다음 페이지 클릭...
2021-06-09 16:44:43,591 - movie_logger - INFO - 다음 페이지 클릭...
2021-06-09 16:44:44,329 - movie_logger - INFO - 다음 페이지 클릭...
2021-06-09 16:44:44,961 - movie_logger - INFO - 다음 페이지 클릭...
2021-06-09 16:44:45,587 - movie_logger - INFO - 다음 페이지 클릭...
